<?xml version="1.0" encoding="UTF-8"?>
<testsuites name="Mocha Tests" time="0.001" tests="2" failures="0">
  <testsuite name="Root Suite" timestamp="2019-11-21T02:08:50" tests="0" failures="0" time="0">
  </testsuite>
  <testsuite name="Validator Tests " timestamp="2019-11-21T02:08:50" tests="2" file="C:\Users\calib\source-codes\kiran\FlipCardReact\test\Validator.test.js" failures="0" time="0.001">
    <testcase name="Validator Tests  Returns false when empty @unitTest" time="0.001" classname="Returns false when empty @unitTest">
    </testcase>
    <testcase name="Validator Tests  Returns true when not empty @unitTest" time="0" classname="Returns true when not empty @unitTest">
    </testcase>
  </testsuite>
</testsuites>